生成启动时间为 2015-4-20 17:32:05。
项目“d:\我的文档\visual studio 2010\Projects\meimeng\meimeng\meimeng.vcxproj”在节点 2 上(build 个目标)。
InitializeBuildStatus:
  正在对“Debug\meimeng.unsuccessfulbuild”执行 Touch 任务。
ClCompile:
  所有输出均为最新。
  d:\Microsoft Visual Studio 10.0\VC\bin\CL.exe /c /ZI /nologo /W3 /WX- /Od /Oy- /D WIN32 /D _WINDOWS /D _DEBUG /D _UNICODE /D UNICODE /D _AFXDLL /Gm /EHsc /RTC1 /MDd /GS /fp:precise /Zc:wchar_t /Zc:forScope /Yu"StdAfx.h" /Fp"Debug\meimeng.pch" /Fo"Debug\\" /Fd"Debug\vc100.pdb" /Gd /TP /analyze- /errorReport:prompt meimengDlg.cpp
  meimengDlg.cpp
d:\opencv\build\include\opencv2\core\mat.hpp(1413): warning C4819: 该文件包含不能在当前代码页(936)中表示的字符。请将该文件保存为 Unicode 格式以防止数据丢失
d:\opencv\build\include\opencv2\core\mat.hpp(1413): warning C4819: 该文件包含不能在当前代码页(936)中表示的字符。请将该文件保存为 Unicode 格式以防止数据丢失
d:\我的文档\visual studio 2010\projects\meimeng\meimeng\meimengdlg.cpp(175): warning C4244: “=”: 从“double”转换到“uchar”，可能丢失数据
ResourceCompile:
  所有输出均为最新。
ManifestResourceCompile:
  所有输出均为最新。
Link:
  d:\Microsoft Visual Studio 10.0\VC\bin\link.exe /ERRORREPORT:PROMPT /OUT:"d:\我的文档\visual studio 2010\Projects\meimeng\Debug\meimeng.exe" /INCREMENTAL /NOLOGO opencv_ts300d.lib opencv_world300d.lib /MANIFEST /ManifestFile:"Debug\meimeng.exe.intermediate.manifest" /MANIFESTUAC:"level='asInvoker' uiAccess='false'" /DEBUG /PDB:"d:\我的文档\visual studio 2010\Projects\meimeng\Debug\meimeng.pdb" /SUBSYSTEM:WINDOWS /TLBID:1 /ENTRY:"wWinMainCRTStartup" /DYNAMICBASE /NXCOMPAT /IMPLIB:"d:\我的文档\visual studio 2010\Projects\meimeng\Debug\meimeng.lib" /MACHINE:X86 Debug\meimeng.res
  Debug\meimeng.exe.embed.manifest.res
  Debug\CvvImage.obj
  Debug\meimeng.obj
  Debug\meimengDlg.obj
  Debug\stdafx.obj
Manifest:
  C:\Program Files\Microsoft SDKs\Windows\v7.0A\bin\mt.exe /nologo /verbose /out:"Debug\meimeng.exe.embed.manifest" /manifest Debug\meimeng.exe.intermediate.manifest "d:\Microsoft Visual Studio 10.0\VC\Include\Manifest\dpiaware.manifest"
  所有输出均为最新。
LinkEmbedManifest:
  所有输出均为最新。
  meimeng.vcxproj -> d:\我的文档\visual studio 2010\Projects\meimeng\Debug\meimeng.exe
FinalizeBuildStatus:
  正在删除文件“Debug\meimeng.unsuccessfulbuild”。
  正在对“Debug\meimeng.lastbuildstate”执行 Touch 任务。
已完成生成项目“d:\我的文档\visual studio 2010\Projects\meimeng\meimeng\meimeng.vcxproj”(build 个目标)的操作。

生成成功。

已用时间 00:00:03.45
